
****** PlanAhead v14.7 (64-bit)
  **** Build 321239 by xbuild on Fri Sep 27 19:29:51 MDT 2013
    ** Copyright 1986-1999, 2001-2013 Xilinx, Inc. All Rights Reserved.

INFO: [Common 17-78] Attempting to get a license: PlanAhead
INFO: [Common 17-290] Got license for PlanAhead
INFO: [Device 21-36] Loading parts and site information from C:/Xilinx/14.7/ISE_DS/PlanAhead/data/parts/arch.xml
Parsing RTL primitives file [C:/Xilinx/14.7/ISE_DS/PlanAhead/data/parts/xilinx/rtl/prims/rtl_prims.xml]
Finished parsing RTL primitives file [C:/Xilinx/14.7/ISE_DS/PlanAhead/data/parts/xilinx/rtl/prims/rtl_prims.xml]
start_gui
source C:/Users/benzs/Documents/GitHub/CWH_CountingStore/fgpa/pa.fromHdl.tcl
# create_project -name fgpa -dir "C:/Users/benzs/Documents/GitHub/CWH_CountingStore/fgpa/planAhead_run_2" -part xc6slx9tqg144-2
# set_param project.pinAheadLayout yes
# set srcset [get_property srcset [current_run -impl]]
# set_property target_constrs_file "main.ucf" [current_fileset -constrset]
Adding file 'C:/Users/benzs/Documents/GitHub/CWH_CountingStore/fgpa/main.ucf' to fileset 'constrs_1'
# set hdlfile [add_files [list {MUX2_4bit.vhd}]]
# set_property file_type VHDL $hdlfile
# set_property library work $hdlfile
# set hdlfile [add_files [list {BCDto7seg.vhd}]]
# set_property file_type VHDL $hdlfile
# set_property library work $hdlfile
# set hdlfile [add_files [list {UP_DOWNCOUNT15.vhd}]]
# set_property file_type VHDL $hdlfile
# set_property library work $hdlfile
# set hdlfile [add_files [list {Display.vhd}]]
# set_property file_type VHDL $hdlfile
# set_property library work $hdlfile
# set hdlfile [add_files [list {Decoder1to2.vhd}]]
# set_property file_type VHDL $hdlfile
# set_property library work $hdlfile
# set hdlfile [add_files [list {main.vhd}]]
# set_property file_type VHDL $hdlfile
# set_property library work $hdlfile
# set_property top main $srcset
# add_files [list {main.ucf}] -fileset [get_property constrset [current_run]]
# open_rtl_design -part xc6slx9tqg144-2
Using Verific elaboration
Parsing VHDL file "C:/Xilinx/14.7/ISE_DS/PlanAhead/data/parts/xilinx/rtl/lib/synplify/synattr.vhd" into library synplify
Parsing VHDL file "C:/Xilinx/14.7/ISE_DS/PlanAhead/data/parts/xilinx/rtl/lib/synplify/synattr.vhd" into library synplify
Parsing VHDL file "C:/Users/benzs/Documents/GitHub/CWH_CountingStore/fgpa/MUX2_4bit.vhd" into library work
Parsing VHDL file "C:/Users/benzs/Documents/GitHub/CWH_CountingStore/fgpa/BCDto7seg.vhd" into library work
Parsing VHDL file "C:/Users/benzs/Documents/GitHub/CWH_CountingStore/fgpa/UP_DOWNCOUNT15.vhd" into library work
Parsing VHDL file "C:/Users/benzs/Documents/GitHub/CWH_CountingStore/fgpa/Display.vhd" into library work
Parsing VHDL file "C:/Users/benzs/Documents/GitHub/CWH_CountingStore/fgpa/Decoder1to2.vhd" into library work
Parsing VHDL file "C:/Users/benzs/Documents/GitHub/CWH_CountingStore/fgpa/main.vhd" into library work
Loading clock regions from C:/Xilinx/14.7/ISE_DS/PlanAhead/data\parts/xilinx/spartan6/spartan6lx/xc6slx9/ClockRegion.xml
Loading clock buffers from C:/Xilinx/14.7/ISE_DS/PlanAhead/data\parts/xilinx/spartan6/spartan6lx/xc6slx9/ClockBuffers.xml
Loading package pin functions from C:/Xilinx/14.7/ISE_DS/PlanAhead/data\parts/xilinx/spartan6/PinFunctions.xml...
Loading package from C:/Xilinx/14.7/ISE_DS/PlanAhead/data\parts/xilinx/spartan6/spartan6lx/xc6slx9/tqg144/Package.xml
Loading io standards from C:/Xilinx/14.7/ISE_DS/PlanAhead/data\./parts/xilinx/spartan6/IOStandards.xml
Loading device configuration modes from C:/Xilinx/14.7/ISE_DS/PlanAhead/data\parts/xilinx/spartan6/ConfigModes.xml
Loading list of drcs for the architecture : C:/Xilinx/14.7/ISE_DS/PlanAhead/data\./parts/xilinx/spartan6/drc.xml
Parsing UCF File [C:/Users/benzs/Documents/GitHub/CWH_CountingStore/fgpa/main.ucf]
Finished Parsing UCF File [C:/Users/benzs/Documents/GitHub/CWH_CountingStore/fgpa/main.ucf]
INFO: [Project 1-111] Unisim Transformation Summary:
No Unisim elements were transformed.

Phase 0 | Netlist Checksum: 6774561d
open_rtl_design: Time (s): elapsed = 00:00:07 . Memory (MB): peak = 717.551 ; gain = 200.047
update_compile_order -fileset sim_1
startgroup
set_property package_pin P34 [get_ports {Data[3]}]
endgroup
startgroup
set_property package_pin P29 [get_ports {Data[1]}]
endgroup
startgroup
set_property package_pin P26 [get_ports {Data[0]}]
endgroup
startgroup
set_property package_pin P43 [get_ports {seg[1]}]
endgroup
startgroup
set_property package_pin P44 [get_ports {seg[0]}]
endgroup
set_property package_pin "" [get_ports [list  CLK]]
startgroup
set_property package_pin P45 [get_ports Sen1]
endgroup
startgroup
set_property package_pin P46 [get_ports Sen2]
endgroup
startgroup
set_property package_pin P123 [get_ports CLK]
endgroup
save_constraints
exit
ERROR: [Common 17-39] 'stop_gui' failed due to earlier errors.
INFO: [Common 17-206] Exiting PlanAhead at Wed May 26 22:48:05 2021...
INFO: [Common 17-83] Releasing license: PlanAhead
